<?xml version="1.0" encoding="utf-8"?><testsuites name="pytest tests"><testsuite name="pytest" errors="0" failures="3" skipped="0" tests="28" time="15.155" timestamp="2026-08-23T11:04:39.777969+00:00" hostname="agent-env-2e78fe3c-b3a6-4e75-8886-18a26d968827"><testcase classname="tests.backend_test.TestPublicCatalogue" name="test_categories" time="0.462" /><testcase classname="tests.backend_test.TestAuth" name="test_login_success" time="0.461" /><testcase classname="tests.backend_test.TestAuth" name="test_login_wrong_password" time="0.320" /><testcase classname="tests.backend_test.TestPublicCatalogue" name="test_category_by_slug" time="0.644" /><testcase classname="tests.backend_test.TestAuth" name="test_me" time="0.462" /><testcase classname="tests.backend_test.TestPublicCatalogue" name="test_category_404" time="0.096" /><testcase classname="tests.backend_test.TestPublicCatalogue" name="test_products_list" time="0.128" /><testcase classname="tests.backend_test.TestAuth" name="test_protected_without_token" time="0.531" /><testcase classname="tests.backend_test.TestPublicCatalogue" name="test_products_filters" time="0.633" /><testcase classname="tests.backend_test.TestAuth" name="test_bcrypt_hash_format" time="0.668" /><testcase classname="tests.backend_test.TestPublicCatalogue" name="test_product_by_slug_and_404" time="0.307" /><testcase classname="tests.backend_test.TestContent" name="test_get_content_public" time="0.896" /><testcase classname="tests.backend_test.TestAuth" name="test_brute_force_lockout" time="2.110"><failure message="AssertionError: No lockout implemented; codes=[401, 401, 401, 401, 401, 401]&#10;assert (429 in [401, 401, 401, 401, 401, 401] or 423 in [401, 401, 401, 401, 401, 401])">tests/backend_test.py:86: in test_brute_force_lockout
    assert 429 in codes or 423 in codes, f"No lockout implemented; codes={codes}"
E   AssertionError: No lockout implemented; codes=[401, 401, 401, 401, 401, 401]
E   assert (429 in [401, 401, 401, 401, 401, 401] or 423 in [401, 401, 401, 401, 401, 401])</failure></testcase><testcase classname="tests.backend_test.TestContent" name="test_put_requires_auth" time="0.241" /><testcase classname="tests.backend_test.TestContent" name="test_put_and_persist" time="1.247" /><testcase classname="tests.backend_test.TestDealerEnquiries" name="test_create_and_admin_retrieve" time="7.935" /><testcase classname="tests.backend_test.TestContactMessages" name="test_create_retrieve_patch_delete" time="7.634" /><testcase classname="tests.backend_test.TestContactMessages" name="test_honeypot" time="0.167" /><testcase classname="tests.backend_test.TestProductsCRUD" name="test_crud" time="0.647" /><testcase classname="tests.backend_test.TestDealerEnquiries" name="test_honeypot" time="0.196" /><testcase classname="tests.backend_test.TestDealerEnquiries" name="test_validation" time="0.305" /><testcase classname="tests.backend_test.TestSEO" name="test_robots" time="0.145"><failure message="assert ('User-agent' in '# As a condition of accessing this website, you agree to abide by the following\n# content signals:\n\n# (a)  If a Content-Signal = yes, you may collect content for the corresponding\n#      use.\n# (b)  If a Content-Signal = no, you may not collect content for the\n#      corresponding use.\n# (c)  If the website operator does not include a Content-Signal for a\n#      corresponding use, the website operator neither grants nor restricts\n#      permission via Content-Signal with respect to the corresponding use.\n\n# The content signals and their meanings are:\n\n# search:   building a search index and providing search results (e.g., returning\n#           hyperlinks and short excerpts from your website\'s contents). Search does not\n#           include providing AI-generated search summaries.\n# ai-input: inputting content into one or more AI models (e.g., retrieval\n#           augmented generation, grounding, or other real-time taking of content for\n#           generative AI search answers).\n# ai-train: training or fine-tuning AI models.\n# use:      how AI systems may consume the content (immediate, reference, or full).\n\n# ANY RESTRICTIONS EXPRESSED VIA CONTENT SIGNALS ...n&quot; content=&quot;ALLUDE INDIA - Crafted for the Modern Gentleman. Premium Indian menswear: formal trousers, casual trousers and shirts.&quot; /&gt;\n    &lt;link rel=&quot;preconnect&quot; href=&quot;https://fonts.googleapis.com&quot; /&gt;\n    &lt;link rel=&quot;preconnect&quot; href=&quot;https://fonts.gstatic.com&quot; crossorigin /&gt;\n    &lt;link href=&quot;https://fonts.googleapis.com/css2?family=Playfair+Display:ital,wght@0,400;0,500;0,600;0,700;0,800;0,900;1,400&amp;display=swap&quot; rel=&quot;stylesheet&quot; /&gt;\n    &lt;link href=&quot;https://api.fontshare.com/v2/css?f[]=cabinet-grotesk@400,500,700,800,900&amp;f[]=satoshi@400,500,700&amp;display=swap&quot; rel=&quot;stylesheet&quot; /&gt;\n    &lt;title&gt;ALLUDE INDIA — Crafted for the Modern Gentleman&lt;/title&gt;\n  &lt;script defer src=&quot;/static/js/bundle.js&quot;&gt;&lt;/script&gt;&lt;script&gt;\nif(window.self!==window.top){\n  var s=document.createElement(&quot;script&quot;);s.src=&quot;/visual-edit-overlay.js&quot;;document.head.appendChild(s);\n  window.tailwind=window.tailwind||{};tailwind.config={corePlugins:{preflight:false}};var t=document.createElement(&quot;script&quot;);t.src=&quot;https://cdn.tailwindcss.com&quot;;document.head.appendChild(t);\n}\n&lt;/script&gt;\n&lt;/head&gt;\n  &lt;body&gt;\n    &lt;noscript&gt;You need to enable JavaScript to run this app.&lt;/noscript&gt;\n    &lt;div id=&quot;root&quot;&gt;&lt;/div&gt;\n  &lt;/body&gt;\n&lt;/html&gt;\n' and 'Sitemap' in '# As a condition of accessing this website, you agree to abide by the following\n# content signals:\n\n# (a)  If a Content-Signal = yes, you may collect content for the corresponding\n#      use.\n# (b)  If a Content-Signal = no, you may not collect content for the\n#      corresponding use.\n# (c)  If the website operator does not include a Content-Signal for a\n#      corresponding use, the website operator neither grants nor restricts\n#      permission via Content-Signal with respect to the corresponding use.\n\n# The content signals and their meanings are:\n\n# search:   building a search index and providing search results (e.g., returning\n#           hyperlinks and short excerpts from your website\'s contents). Search does not\n#           include providing AI-generated search summaries.\n# ai-input: inputting content into one or more AI models (e.g., retrieval\n#           augmented generation, grounding, or other real-time taking of content for\n#           generative AI search answers).\n# ai-train: training or fine-tuning AI models.\n# use:      how AI systems may consume the content (immediate, reference, or full).\n\n# ANY RESTRICTIONS EXPRESSED VIA CONTENT SIGNALS ...n&quot; content=&quot;ALLUDE INDIA - Crafted for the Modern Gentleman. Premium Indian menswear: formal trousers, casual trousers and shirts.&quot; /&gt;\n    &lt;link rel=&quot;preconnect&quot; href=&quot;https://fonts.googleapis.com&quot; /&gt;\n    &lt;link rel=&quot;preconnect&quot; href=&quot;https://fonts.gstatic.com&quot; crossorigin /&gt;\n    &lt;link href=&quot;https://fonts.googleapis.com/css2?family=Playfair+Display:ital,wght@0,400;0,500;0,600;0,700;0,800;0,900;1,400&amp;display=swap&quot; rel=&quot;stylesheet&quot; /&gt;\n    &lt;link href=&quot;https://api.fontshare.com/v2/css?f[]=cabinet-grotesk@400,500,700,800,900&amp;f[]=satoshi@400,500,700&amp;display=swap&quot; rel=&quot;stylesheet&quot; /&gt;\n    &lt;title&gt;ALLUDE INDIA — Crafted for the Modern Gentleman&lt;/title&gt;\n  &lt;script defer src=&quot;/static/js/bundle.js&quot;&gt;&lt;/script&gt;&lt;script&gt;\nif(window.self!==window.top){\n  var s=document.createElement(&quot;script&quot;);s.src=&quot;/visual-edit-overlay.js&quot;;document.head.appendChild(s);\n  window.tailwind=window.tailwind||{};tailwind.config={corePlugins:{preflight:false}};var t=document.createElement(&quot;script&quot;);t.src=&quot;https://cdn.tailwindcss.com&quot;;document.head.appendChild(t);\n}\n&lt;/script&gt;\n&lt;/head&gt;\n  &lt;body&gt;\n    &lt;noscript&gt;You need to enable JavaScript to run this app.&lt;/noscript&gt;\n    &lt;div id=&quot;root&quot;&gt;&lt;/div&gt;\n  &lt;/body&gt;\n&lt;/html&gt;\n')&#10; +  where '# As a condition of accessing this website, you agree to abide by the following\n# content signals:\n\n# (a)  If a Content-Signal = yes, you may collect content for the corresponding\n#      use.\n# (b)  If a Content-Signal = no, you may not collect content for the\n#      corresponding use.\n# (c)  If the website operator does not include a Content-Signal for a\n#      corresponding use, the website operator neither grants nor restricts\n#      permission via Content-Signal with respect to the corresponding use.\n\n# The content signals and their meanings are:\n\n# search:   building a search index and providing search results (e.g., returning\n#           hyperlinks and short excerpts from your website\'s contents). Search does not\n#           include providing AI-generated search summaries.\n# ai-input: inputting content into one or more AI models (e.g., retrieval\n#           augmented generation, grounding, or other real-time taking of content for\n#           generative AI search answers).\n# ai-train: training or fine-tuning AI models.\n# use:      how AI systems may consume the content (immediate, reference, or full).\n\n# ANY RESTRICTIONS EXPRESSED VIA CONTENT SIGNALS ...n&quot; content=&quot;ALLUDE INDIA - Crafted for the Modern Gentleman. Premium Indian menswear: formal trousers, casual trousers and shirts.&quot; /&gt;\n    &lt;link rel=&quot;preconnect&quot; href=&quot;https://fonts.googleapis.com&quot; /&gt;\n    &lt;link rel=&quot;preconnect&quot; href=&quot;https://fonts.gstatic.com&quot; crossorigin /&gt;\n    &lt;link href=&quot;https://fonts.googleapis.com/css2?family=Playfair+Display:ital,wght@0,400;0,500;0,600;0,700;0,800;0,900;1,400&amp;display=swap&quot; rel=&quot;stylesheet&quot; /&gt;\n    &lt;link href=&quot;https://api.fontshare.com/v2/css?f[]=cabinet-grotesk@400,500,700,800,900&amp;f[]=satoshi@400,500,700&amp;display=swap&quot; rel=&quot;stylesheet&quot; /&gt;\n    &lt;title&gt;ALLUDE INDIA — Crafted for the Modern Gentleman&lt;/title&gt;\n  &lt;script defer src=&quot;/static/js/bundle.js&quot;&gt;&lt;/script&gt;&lt;script&gt;\nif(window.self!==window.top){\n  var s=document.createElement(&quot;script&quot;);s.src=&quot;/visual-edit-overlay.js&quot;;document.head.appendChild(s);\n  window.tailwind=window.tailwind||{};tailwind.config={corePlugins:{preflight:false}};var t=document.createElement(&quot;script&quot;);t.src=&quot;https://cdn.tailwindcss.com&quot;;document.head.appendChild(t);\n}\n&lt;/script&gt;\n&lt;/head&gt;\n  &lt;body&gt;\n    &lt;noscript&gt;You need to enable JavaScript to run this app.&lt;/noscript&gt;\n    &lt;div id=&quot;root&quot;&gt;&lt;/div&gt;\n  &lt;/body&gt;\n&lt;/html&gt;\n' = &lt;Response [200]&gt;.text&#10; +  and   '# As a condition of accessing this website, you agree to abide by the following\n# content signals:\n\n# (a)  If a Content-Signal = yes, you may collect content for the corresponding\n#      use.\n# (b)  If a Content-Signal = no, you may not collect content for the\n#      corresponding use.\n# (c)  If the website operator does not include a Content-Signal for a\n#      corresponding use, the website operator neither grants nor restricts\n#      permission via Content-Signal with respect to the corresponding use.\n\n# The content signals and their meanings are:\n\n# search:   building a search index and providing search results (e.g., returning\n#           hyperlinks and short excerpts from your website\'s contents). Search does not\n#           include providing AI-generated search summaries.\n# ai-input: inputting content into one or more AI models (e.g., retrieval\n#           augmented generation, grounding, or other real-time taking of content for\n#           generative AI search answers).\n# ai-train: training or fine-tuning AI models.\n# use:      how AI systems may consume the content (immediate, reference, or full).\n\n# ANY RESTRICTIONS EXPRESSED VIA CONTENT SIGNALS ...n&quot; content=&quot;ALLUDE INDIA - Crafted for the Modern Gentleman. Premium Indian menswear: formal trousers, casual trousers and shirts.&quot; /&gt;\n    &lt;link rel=&quot;preconnect&quot; href=&quot;https://fonts.googleapis.com&quot; /&gt;\n    &lt;link rel=&quot;preconnect&quot; href=&quot;https://fonts.gstatic.com&quot; crossorigin /&gt;\n    &lt;link href=&quot;https://fonts.googleapis.com/css2?family=Playfair+Display:ital,wght@0,400;0,500;0,600;0,700;0,800;0,900;1,400&amp;display=swap&quot; rel=&quot;stylesheet&quot; /&gt;\n    &lt;link href=&quot;https://api.fontshare.com/v2/css?f[]=cabinet-grotesk@400,500,700,800,900&amp;f[]=satoshi@400,500,700&amp;display=swap&quot; rel=&quot;stylesheet&quot; /&gt;\n    &lt;title&gt;ALLUDE INDIA — Crafted for the Modern Gentleman&lt;/title&gt;\n  &lt;script defer src=&quot;/static/js/bundle.js&quot;&gt;&lt;/script&gt;&lt;script&gt;\nif(window.self!==window.top){\n  var s=document.createElement(&quot;script&quot;);s.src=&quot;/visual-edit-overlay.js&quot;;document.head.appendChild(s);\n  window.tailwind=window.tailwind||{};tailwind.config={corePlugins:{preflight:false}};var t=document.createElement(&quot;script&quot;);t.src=&quot;https://cdn.tailwindcss.com&quot;;document.head.appendChild(t);\n}\n&lt;/script&gt;\n&lt;/head&gt;\n  &lt;body&gt;\n    &lt;noscript&gt;You need to enable JavaScript to run this app.&lt;/noscript&gt;\n    &lt;div id=&quot;root&quot;&gt;&lt;/div&gt;\n  &lt;/body&gt;\n&lt;/html&gt;\n' = &lt;Response [200]&gt;.text">tests/backend_test.py:341: in test_robots
    assert "User-agent" in r.text and "Sitemap" in r.text
E   assert ('User-agent' in '# As a condition of accessing this website, you agree to abide by the following\n# content signals:\n\n# (a)  If a Content-Signal = yes, you may collect content for the corresponding\n#      use.\n# (b)  If a Content-Signal = no, you may not collect content for the\n#      corresponding use.\n# (c)  If the website operator does not include a Content-Signal for a\n#      corresponding use, the website operator neither grants nor restricts\n#      permission via Content-Signal with respect to the corresponding use.\n\n# The content signals and their meanings are:\n\n# search:   building a search index and providing search results (e.g., returning\n#           hyperlinks and short excerpts from your website\'s contents). Search does not\n#           include providing AI-generated search summaries.\n# ai-input: inputting content into one or more AI models (e.g., retrieval\n#           augmented generation, grounding, or other real-time taking of content for\n#           generative AI search answers).\n# ai-train: training or fine-tuning AI models.\n# use:      how AI systems may consume the content (immediate, reference, or full).\n\n# ANY RESTRICTIONS EXPRESSED VIA CONTENT SIGNALS ...n" content="ALLUDE INDIA - Crafted for the Modern Gentleman. Premium Indian menswear: formal trousers, casual trousers and shirts." /&gt;\n    &lt;link rel="preconnect" href="https://fonts.googleapis.com" /&gt;\n    &lt;link rel="preconnect" href="https://fonts.gstatic.com" crossorigin /&gt;\n    &lt;link href="https://fonts.googleapis.com/css2?family=Playfair+Display:ital,wght@0,400;0,500;0,600;0,700;0,800;0,900;1,400&amp;display=swap" rel="stylesheet" /&gt;\n    &lt;link href="https://api.fontshare.com/v2/css?f[]=cabinet-grotesk@400,500,700,800,900&amp;f[]=satoshi@400,500,700&amp;display=swap" rel="stylesheet" /&gt;\n    &lt;title&gt;ALLUDE INDIA — Crafted for the Modern Gentleman&lt;/title&gt;\n  &lt;script defer src="/static/js/bundle.js"&gt;&lt;/script&gt;&lt;script&gt;\nif(window.self!==window.top){\n  var s=document.createElement("script");s.src="/visual-edit-overlay.js";document.head.appendChild(s);\n  window.tailwind=window.tailwind||{};tailwind.config={corePlugins:{preflight:false}};var t=document.createElement("script");t.src="https://cdn.tailwindcss.com";document.head.appendChild(t);\n}\n&lt;/script&gt;\n&lt;/head&gt;\n  &lt;body&gt;\n    &lt;noscript&gt;You need to enable JavaScript to run this app.&lt;/noscript&gt;\n    &lt;div id="root"&gt;&lt;/div&gt;\n  &lt;/body&gt;\n&lt;/html&gt;\n' and 'Sitemap' in '# As a condition of accessing this website, you agree to abide by the following\n# content signals:\n\n# (a)  If a Content-Signal = yes, you may collect content for the corresponding\n#      use.\n# (b)  If a Content-Signal = no, you may not collect content for the\n#      corresponding use.\n# (c)  If the website operator does not include a Content-Signal for a\n#      corresponding use, the website operator neither grants nor restricts\n#      permission via Content-Signal with respect to the corresponding use.\n\n# The content signals and their meanings are:\n\n# search:   building a search index and providing search results (e.g., returning\n#           hyperlinks and short excerpts from your website\'s contents). Search does not\n#           include providing AI-generated search summaries.\n# ai-input: inputting content into one or more AI models (e.g., retrieval\n#           augmented generation, grounding, or other real-time taking of content for\n#           generative AI search answers).\n# ai-train: training or fine-tuning AI models.\n# use:      how AI systems may consume the content (immediate, reference, or full).\n\n# ANY RESTRICTIONS EXPRESSED VIA CONTENT SIGNALS ...n" content="ALLUDE INDIA - Crafted for the Modern Gentleman. Premium Indian menswear: formal trousers, casual trousers and shirts." /&gt;\n    &lt;link rel="preconnect" href="https://fonts.googleapis.com" /&gt;\n    &lt;link rel="preconnect" href="https://fonts.gstatic.com" crossorigin /&gt;\n    &lt;link href="https://fonts.googleapis.com/css2?family=Playfair+Display:ital,wght@0,400;0,500;0,600;0,700;0,800;0,900;1,400&amp;display=swap" rel="stylesheet" /&gt;\n    &lt;link href="https://api.fontshare.com/v2/css?f[]=cabinet-grotesk@400,500,700,800,900&amp;f[]=satoshi@400,500,700&amp;display=swap" rel="stylesheet" /&gt;\n    &lt;title&gt;ALLUDE INDIA — Crafted for the Modern Gentleman&lt;/title&gt;\n  &lt;script defer src="/static/js/bundle.js"&gt;&lt;/script&gt;&lt;script&gt;\nif(window.self!==window.top){\n  var s=document.createElement("script");s.src="/visual-edit-overlay.js";document.head.appendChild(s);\n  window.tailwind=window.tailwind||{};tailwind.config={corePlugins:{preflight:false}};var t=document.createElement("script");t.src="https://cdn.tailwindcss.com";document.head.appendChild(t);\n}\n&lt;/script&gt;\n&lt;/head&gt;\n  &lt;body&gt;\n    &lt;noscript&gt;You need to enable JavaScript to run this app.&lt;/noscript&gt;\n    &lt;div id="root"&gt;&lt;/div&gt;\n  &lt;/body&gt;\n&lt;/html&gt;\n')
E    +  where '# As a condition of accessing this website, you agree to abide by the following\n# content signals:\n\n# (a)  If a Content-Signal = yes, you may collect content for the corresponding\n#      use.\n# (b)  If a Content-Signal = no, you may not collect content for the\n#      corresponding use.\n# (c)  If the website operator does not include a Content-Signal for a\n#      corresponding use, the website operator neither grants nor restricts\n#      permission via Content-Signal with respect to the corresponding use.\n\n# The content signals and their meanings are:\n\n# search:   building a search index and providing search results (e.g., returning\n#           hyperlinks and short excerpts from your website\'s contents). Search does not\n#           include providing AI-generated search summaries.\n# ai-input: inputting content into one or more AI models (e.g., retrieval\n#           augmented generation, grounding, or other real-time taking of content for\n#           generative AI search answers).\n# ai-train: training or fine-tuning AI models.\n# use:      how AI systems may consume the content (immediate, reference, or full).\n\n# ANY RESTRICTIONS EXPRESSED VIA CONTENT SIGNALS ...n" content="ALLUDE INDIA - Crafted for the Modern Gentleman. Premium Indian menswear: formal trousers, casual trousers and shirts." /&gt;\n    &lt;link rel="preconnect" href="https://fonts.googleapis.com" /&gt;\n    &lt;link rel="preconnect" href="https://fonts.gstatic.com" crossorigin /&gt;\n    &lt;link href="https://fonts.googleapis.com/css2?family=Playfair+Display:ital,wght@0,400;0,500;0,600;0,700;0,800;0,900;1,400&amp;display=swap" rel="stylesheet" /&gt;\n    &lt;link href="https://api.fontshare.com/v2/css?f[]=cabinet-grotesk@400,500,700,800,900&amp;f[]=satoshi@400,500,700&amp;display=swap" rel="stylesheet" /&gt;\n    &lt;title&gt;ALLUDE INDIA — Crafted for the Modern Gentleman&lt;/title&gt;\n  &lt;script defer src="/static/js/bundle.js"&gt;&lt;/script&gt;&lt;script&gt;\nif(window.self!==window.top){\n  var s=document.createElement("script");s.src="/visual-edit-overlay.js";document.head.appendChild(s);\n  window.tailwind=window.tailwind||{};tailwind.config={corePlugins:{preflight:false}};var t=document.createElement("script");t.src="https://cdn.tailwindcss.com";document.head.appendChild(t);\n}\n&lt;/script&gt;\n&lt;/head&gt;\n  &lt;body&gt;\n    &lt;noscript&gt;You need to enable JavaScript to run this app.&lt;/noscript&gt;\n    &lt;div id="root"&gt;&lt;/div&gt;\n  &lt;/body&gt;\n&lt;/html&gt;\n' = &lt;Response [200]&gt;.text
E    +  and   '# As a condition of accessing this website, you agree to abide by the following\n# content signals:\n\n# (a)  If a Content-Signal = yes, you may collect content for the corresponding\n#      use.\n# (b)  If a Content-Signal = no, you may not collect content for the\n#      corresponding use.\n# (c)  If the website operator does not include a Content-Signal for a\n#      corresponding use, the website operator neither grants nor restricts\n#      permission via Content-Signal with respect to the corresponding use.\n\n# The content signals and their meanings are:\n\n# search:   building a search index and providing search results (e.g., returning\n#           hyperlinks and short excerpts from your website\'s contents). Search does not\n#           include providing AI-generated search summaries.\n# ai-input: inputting content into one or more AI models (e.g., retrieval\n#           augmented generation, grounding, or other real-time taking of content for\n#           generative AI search answers).\n# ai-train: training or fine-tuning AI models.\n# use:      how AI systems may consume the content (immediate, reference, or full).\n\n# ANY RESTRICTIONS EXPRESSED VIA CONTENT SIGNALS ...n" content="ALLUDE INDIA - Crafted for the Modern Gentleman. Premium Indian menswear: formal trousers, casual trousers and shirts." /&gt;\n    &lt;link rel="preconnect" href="https://fonts.googleapis.com" /&gt;\n    &lt;link rel="preconnect" href="https://fonts.gstatic.com" crossorigin /&gt;\n    &lt;link href="https://fonts.googleapis.com/css2?family=Playfair+Display:ital,wght@0,400;0,500;0,600;0,700;0,800;0,900;1,400&amp;display=swap" rel="stylesheet" /&gt;\n    &lt;link href="https://api.fontshare.com/v2/css?f[]=cabinet-grotesk@400,500,700,800,900&amp;f[]=satoshi@400,500,700&amp;display=swap" rel="stylesheet" /&gt;\n    &lt;title&gt;ALLUDE INDIA — Crafted for the Modern Gentleman&lt;/title&gt;\n  &lt;script defer src="/static/js/bundle.js"&gt;&lt;/script&gt;&lt;script&gt;\nif(window.self!==window.top){\n  var s=document.createElement("script");s.src="/visual-edit-overlay.js";document.head.appendChild(s);\n  window.tailwind=window.tailwind||{};tailwind.config={corePlugins:{preflight:false}};var t=document.createElement("script");t.src="https://cdn.tailwindcss.com";document.head.appendChild(t);\n}\n&lt;/script&gt;\n&lt;/head&gt;\n  &lt;body&gt;\n    &lt;noscript&gt;You need to enable JavaScript to run this app.&lt;/noscript&gt;\n    &lt;div id="root"&gt;&lt;/div&gt;\n  &lt;/body&gt;\n&lt;/html&gt;\n' = &lt;Response [200]&gt;.text</failure></testcase><testcase classname="tests.backend_test.TestProductsCRUD" name="test_create_requires_auth" time="0.090" /><testcase classname="tests.backend_test.TestSEO" name="test_sitemap" time="0.093"><failure message="assert ('&lt;urlset' in '&lt;!DOCTYPE html&gt;\n&lt;html lang=&quot;en&quot;&gt;\n  &lt;head&gt;\n    &lt;meta charset=&quot;utf-8&quot; /&gt;\n    &lt;meta name=&quot;viewport&quot; content=&quot;width=device-width, initial-scale=1&quot; /&gt;\n    &lt;meta name=&quot;theme-color&quot; content=&quot;#ffffff&quot; /&gt;\n    &lt;meta name=&quot;description&quot; content=&quot;ALLUDE INDIA - Crafted for the Modern Gentleman. Premium Indian menswear: formal trousers, casual trousers and shirts.&quot; /&gt;\n    &lt;link rel=&quot;preconnect&quot; href=&quot;https://fonts.googleapis.com&quot; /&gt;\n    &lt;link rel=&quot;preconnect&quot; href=&quot;https://fonts.gstatic.com&quot; crossorigin /&gt;\n    &lt;link href=&quot;https://fonts.googleapis.com/css2?family=Playfair+Display:ital,wght@0,400;0,500;0,600;0,700;0,800;0,900;1,400&amp;display=swap&quot; rel=&quot;stylesheet&quot; /&gt;\n    &lt;link href=&quot;https://api.fontshare.com/v2/css?f[]=cabinet-grotesk@400,500,700,800,900&amp;f[]=satoshi@400,500,700&amp;display=swap&quot; rel=&quot;stylesheet&quot; /&gt;\n    &lt;title&gt;ALLUDE INDIA — Crafted for the Modern Gentleman&lt;/title&gt;\n  &lt;script defer src=&quot;/static/js/bundle.js&quot;&gt;&lt;/script&gt;&lt;script&gt;\nif(window.self!==window.top){\n  var s=document.createElement(&quot;script&quot;);s.src=&quot;/visual-edit-overlay.js&quot;;document.head.appendChild(s);\n  window.tailwind=window.tailwind||{};tailwind.config={corePlugins:{preflight:false}};var t=document.createElement(&quot;script&quot;);t.src=&quot;https://cdn.tailwindcss.com&quot;;document.head.appendChild(t);\n}\n&lt;/script&gt;\n&lt;/head&gt;\n  &lt;body&gt;\n    &lt;noscript&gt;You need to enable JavaScript to run this app.&lt;/noscript&gt;\n    &lt;div id=&quot;root&quot;&gt;&lt;/div&gt;\n  &lt;script&gt;(function(){function c(){var b=a.contentDocument||(a.contentWindow&amp;&amp;a.contentWindow.document);if(b){var d=b.createElement(\'script\');d.innerHTML=&quot;window.__CF$cv$params={r:\'a2f9a396cf4223d3\',t:\'MTc4NzQ4MzA5Mw==\'};var a=document.createElement(\'script\');a.src=\'/cdn-cgi/challenge-platform/scripts/jsd/main.js\';document.getElementsByTagName(\'head\')[0].appendChild(a);&quot;;b.getElementsByTagName(\'head\')[0].appendChild(d)}}if(document.body){var a=document.createElement(\'iframe\');a.height=1;a.width=1;a.style.position=\'absolute\';a.style.top=0;a.style.left=0;a.style.border=\'none\';a.style.visibility=\'hidden\';document.body.appendChild(a);if(\'loading\'!==document.readyState)c();else if(window.addEventListener)document.addEventListener(\'DOMContentLoaded\',c);else{var e=document.onreadystatechange||function(){};document.onreadystatechange=function(b){e(b);\'loading\'!==document.readyState&amp;&amp;(document.onreadystatechange=e,c())}}}})();&lt;/script&gt;&lt;/body&gt;\n&lt;/html&gt;\n')&#10; +  where '&lt;!DOCTYPE html&gt;\n&lt;html lang=&quot;en&quot;&gt;\n  &lt;head&gt;\n    &lt;meta charset=&quot;utf-8&quot; /&gt;\n    &lt;meta name=&quot;viewport&quot; content=&quot;width=device-width, initial-scale=1&quot; /&gt;\n    &lt;meta name=&quot;theme-color&quot; content=&quot;#ffffff&quot; /&gt;\n    &lt;meta name=&quot;description&quot; content=&quot;ALLUDE INDIA - Crafted for the Modern Gentleman. Premium Indian menswear: formal trousers, casual trousers and shirts.&quot; /&gt;\n    &lt;link rel=&quot;preconnect&quot; href=&quot;https://fonts.googleapis.com&quot; /&gt;\n    &lt;link rel=&quot;preconnect&quot; href=&quot;https://fonts.gstatic.com&quot; crossorigin /&gt;\n    &lt;link href=&quot;https://fonts.googleapis.com/css2?family=Playfair+Display:ital,wght@0,400;0,500;0,600;0,700;0,800;0,900;1,400&amp;display=swap&quot; rel=&quot;stylesheet&quot; /&gt;\n    &lt;link href=&quot;https://api.fontshare.com/v2/css?f[]=cabinet-grotesk@400,500,700,800,900&amp;f[]=satoshi@400,500,700&amp;display=swap&quot; rel=&quot;stylesheet&quot; /&gt;\n    &lt;title&gt;ALLUDE INDIA — Crafted for the Modern Gentleman&lt;/title&gt;\n  &lt;script defer src=&quot;/static/js/bundle.js&quot;&gt;&lt;/script&gt;&lt;script&gt;\nif(window.self!==window.top){\n  var s=document.createElement(&quot;script&quot;);s.src=&quot;/visual-edit-overlay.js&quot;;document.head.appendChild(s);\n  window.tailwind=window.tailwind||{};tailwind.config={corePlugins:{preflight:false}};var t=document.createElement(&quot;script&quot;);t.src=&quot;https://cdn.tailwindcss.com&quot;;document.head.appendChild(t);\n}\n&lt;/script&gt;\n&lt;/head&gt;\n  &lt;body&gt;\n    &lt;noscript&gt;You need to enable JavaScript to run this app.&lt;/noscript&gt;\n    &lt;div id=&quot;root&quot;&gt;&lt;/div&gt;\n  &lt;script&gt;(function(){function c(){var b=a.contentDocument||(a.contentWindow&amp;&amp;a.contentWindow.document);if(b){var d=b.createElement(\'script\');d.innerHTML=&quot;window.__CF$cv$params={r:\'a2f9a396cf4223d3\',t:\'MTc4NzQ4MzA5Mw==\'};var a=document.createElement(\'script\');a.src=\'/cdn-cgi/challenge-platform/scripts/jsd/main.js\';document.getElementsByTagName(\'head\')[0].appendChild(a);&quot;;b.getElementsByTagName(\'head\')[0].appendChild(d)}}if(document.body){var a=document.createElement(\'iframe\');a.height=1;a.width=1;a.style.position=\'absolute\';a.style.top=0;a.style.left=0;a.style.border=\'none\';a.style.visibility=\'hidden\';document.body.appendChild(a);if(\'loading\'!==document.readyState)c();else if(window.addEventListener)document.addEventListener(\'DOMContentLoaded\',c);else{var e=document.onreadystatechange||function(){};document.onreadystatechange=function(b){e(b);\'loading\'!==document.readyState&amp;&amp;(document.onreadystatechange=e,c())}}}})();&lt;/script&gt;&lt;/body&gt;\n&lt;/html&gt;\n' = &lt;Response [200]&gt;.text">tests/backend_test.py:346: in test_sitemap
    assert "&lt;urlset" in r.text and "/collections" in r.text
E   assert ('&lt;urlset' in '&lt;!DOCTYPE html&gt;\n&lt;html lang="en"&gt;\n  &lt;head&gt;\n    &lt;meta charset="utf-8" /&gt;\n    &lt;meta name="viewport" content="width=device-width, initial-scale=1" /&gt;\n    &lt;meta name="theme-color" content="#ffffff" /&gt;\n    &lt;meta name="description" content="ALLUDE INDIA - Crafted for the Modern Gentleman. Premium Indian menswear: formal trousers, casual trousers and shirts." /&gt;\n    &lt;link rel="preconnect" href="https://fonts.googleapis.com" /&gt;\n    &lt;link rel="preconnect" href="https://fonts.gstatic.com" crossorigin /&gt;\n    &lt;link href="https://fonts.googleapis.com/css2?family=Playfair+Display:ital,wght@0,400;0,500;0,600;0,700;0,800;0,900;1,400&amp;display=swap" rel="stylesheet" /&gt;\n    &lt;link href="https://api.fontshare.com/v2/css?f[]=cabinet-grotesk@400,500,700,800,900&amp;f[]=satoshi@400,500,700&amp;display=swap" rel="stylesheet" /&gt;\n    &lt;title&gt;ALLUDE INDIA — Crafted for the Modern Gentleman&lt;/title&gt;\n  &lt;script defer src="/static/js/bundle.js"&gt;&lt;/script&gt;&lt;script&gt;\nif(window.self!==window.top){\n  var s=document.createElement("script");s.src="/visual-edit-overlay.js";document.head.appendChild(s);\n  window.tailwind=window.tailwind||{};tailwind.config={corePlugins:{preflight:false}};var t=document.createElement("script");t.src="https://cdn.tailwindcss.com";document.head.appendChild(t);\n}\n&lt;/script&gt;\n&lt;/head&gt;\n  &lt;body&gt;\n    &lt;noscript&gt;You need to enable JavaScript to run this app.&lt;/noscript&gt;\n    &lt;div id="root"&gt;&lt;/div&gt;\n  &lt;script&gt;(function(){function c(){var b=a.contentDocument||(a.contentWindow&amp;&amp;a.contentWindow.document);if(b){var d=b.createElement(\'script\');d.innerHTML="window.__CF$cv$params={r:\'a2f9a396cf4223d3\',t:\'MTc4NzQ4MzA5Mw==\'};var a=document.createElement(\'script\');a.src=\'/cdn-cgi/challenge-platform/scripts/jsd/main.js\';document.getElementsByTagName(\'head\')[0].appendChild(a);";b.getElementsByTagName(\'head\')[0].appendChild(d)}}if(document.body){var a=document.createElement(\'iframe\');a.height=1;a.width=1;a.style.position=\'absolute\';a.style.top=0;a.style.left=0;a.style.border=\'none\';a.style.visibility=\'hidden\';document.body.appendChild(a);if(\'loading\'!==document.readyState)c();else if(window.addEventListener)document.addEventListener(\'DOMContentLoaded\',c);else{var e=document.onreadystatechange||function(){};document.onreadystatechange=function(b){e(b);\'loading\'!==document.readyState&amp;&amp;(document.onreadystatechange=e,c())}}}})();&lt;/script&gt;&lt;/body&gt;\n&lt;/html&gt;\n')
E    +  where '&lt;!DOCTYPE html&gt;\n&lt;html lang="en"&gt;\n  &lt;head&gt;\n    &lt;meta charset="utf-8" /&gt;\n    &lt;meta name="viewport" content="width=device-width, initial-scale=1" /&gt;\n    &lt;meta name="theme-color" content="#ffffff" /&gt;\n    &lt;meta name="description" content="ALLUDE INDIA - Crafted for the Modern Gentleman. Premium Indian menswear: formal trousers, casual trousers and shirts." /&gt;\n    &lt;link rel="preconnect" href="https://fonts.googleapis.com" /&gt;\n    &lt;link rel="preconnect" href="https://fonts.gstatic.com" crossorigin /&gt;\n    &lt;link href="https://fonts.googleapis.com/css2?family=Playfair+Display:ital,wght@0,400;0,500;0,600;0,700;0,800;0,900;1,400&amp;display=swap" rel="stylesheet" /&gt;\n    &lt;link href="https://api.fontshare.com/v2/css?f[]=cabinet-grotesk@400,500,700,800,900&amp;f[]=satoshi@400,500,700&amp;display=swap" rel="stylesheet" /&gt;\n    &lt;title&gt;ALLUDE INDIA — Crafted for the Modern Gentleman&lt;/title&gt;\n  &lt;script defer src="/static/js/bundle.js"&gt;&lt;/script&gt;&lt;script&gt;\nif(window.self!==window.top){\n  var s=document.createElement("script");s.src="/visual-edit-overlay.js";document.head.appendChild(s);\n  window.tailwind=window.tailwind||{};tailwind.config={corePlugins:{preflight:false}};var t=document.createElement("script");t.src="https://cdn.tailwindcss.com";document.head.appendChild(t);\n}\n&lt;/script&gt;\n&lt;/head&gt;\n  &lt;body&gt;\n    &lt;noscript&gt;You need to enable JavaScript to run this app.&lt;/noscript&gt;\n    &lt;div id="root"&gt;&lt;/div&gt;\n  &lt;script&gt;(function(){function c(){var b=a.contentDocument||(a.contentWindow&amp;&amp;a.contentWindow.document);if(b){var d=b.createElement(\'script\');d.innerHTML="window.__CF$cv$params={r:\'a2f9a396cf4223d3\',t:\'MTc4NzQ4MzA5Mw==\'};var a=document.createElement(\'script\');a.src=\'/cdn-cgi/challenge-platform/scripts/jsd/main.js\';document.getElementsByTagName(\'head\')[0].appendChild(a);";b.getElementsByTagName(\'head\')[0].appendChild(d)}}if(document.body){var a=document.createElement(\'iframe\');a.height=1;a.width=1;a.style.position=\'absolute\';a.style.top=0;a.style.left=0;a.style.border=\'none\';a.style.visibility=\'hidden\';document.body.appendChild(a);if(\'loading\'!==document.readyState)c();else if(window.addEventListener)document.addEventListener(\'DOMContentLoaded\',c);else{var e=document.onreadystatechange||function(){};document.onreadystatechange=function(b){e(b);\'loading\'!==document.readyState&amp;&amp;(document.onreadystatechange=e,c())}}}})();&lt;/script&gt;&lt;/body&gt;\n&lt;/html&gt;\n' = &lt;Response [200]&gt;.text</failure></testcase><testcase classname="tests.backend_test.TestMedia" name="test_upload_list_serve_delete" time="0.934" /><testcase classname="tests.backend_test.TestCategoriesCRUD" name="test_crud_and_reorder" time="1.181" /><testcase classname="tests.backend_test.TestMedia" name="test_upload_requires_auth" time="0.096" /><testcase classname="tests.backend_test.TestDashboard" name="test_stats" time="0.045" /></testsuite></testsuites>